SF:lib/a_star_algorithm.dart
DA:7,0
DA:14,0
DA:29,0
DA:32,0
DA:33,0
DA:35,0
DA:36,0
DA:39,0
DA:41,0
DA:42,0
DA:43,0
DA:44,0
DA:47,0
DA:48,0
DA:49,0
DA:50,0
DA:53,0
DA:54,0
DA:56,0
DA:57,0
DA:59,0
DA:63,0
DA:68,0
DA:69,0
DA:70,0
DA:71,0
DA:73,0
DA:74,0
DA:76,0
DA:77,0
DA:81,0
DA:87,0
DA:88,0
DA:89,0
DA:90,0
DA:92,0
DA:93,0
DA:94,0
DA:95,0
DA:96,0
DA:97,0
DA:98,0
DA:99,0
DA:100,0
DA:101,0
DA:106,0
DA:107,0
DA:108,0
DA:109,0
DA:110,0
DA:111,0
DA:112,0
DA:113,0
DA:114,0
DA:115,0
DA:116,0
DA:117,0
DA:118,0
DA:119,0
DA:120,0
DA:129,0
DA:130,0
DA:132,0
DA:133,0
DA:134,0
DA:136,0
DA:140,0
DA:142,0
DA:143,0
DA:144,0
DA:145,0
DA:146,0
DA:156,0
DA:157,0
DA:158,0
DA:159,0
DA:161,0
DA:166,0
DA:167,0
DA:168,0
DA:174,1
DA:175,1
DA:176,2
DA:177,1
DA:182,1
DA:187,1
DA:188,1
DA:191,1
DA:192,1
DA:193,2
DA:194,2
DA:196,2
DA:198,3
DA:199,3
DA:200,4
DA:201,0
DA:204,1
DA:205,2
DA:207,2
DA:210,1
DA:211,1
DA:214,2
DA:215,2
DA:216,2
DA:217,2
DA:227,0
DA:241,0
DA:255,1
DA:256,1
DA:258,0
DA:259,0
DA:264,0
DA:267,0
DA:268,0
LF:114
LH:26
end_of_record
