SF:lib/a_star_algorithm.dart
DA:7,1
DA:14,1
DA:29,1
DA:32,2
DA:33,2
DA:35,3
DA:36,1
DA:39,2
DA:41,7
DA:42,7
DA:43,1
DA:44,2
DA:47,1
DA:48,4
DA:49,2
DA:50,1
DA:53,2
DA:54,6
DA:56,4
DA:57,1
DA:59,1
DA:63,1
DA:68,1
DA:69,2
DA:70,1
DA:71,2
DA:73,1
DA:74,1
DA:76,1
DA:77,1
DA:81,1
DA:87,1
DA:88,3
DA:89,4
DA:90,2
DA:92,2
DA:93,2
DA:94,2
DA:95,1
DA:96,3
DA:97,1
DA:98,2
DA:99,2
DA:100,1
DA:101,2
DA:106,1
DA:107,2
DA:108,2
DA:109,2
DA:110,1
DA:111,3
DA:112,1
DA:113,2
DA:114,2
DA:115,2
DA:116,2
DA:117,1
DA:118,1
DA:119,1
DA:120,2
DA:129,1
DA:130,2
DA:132,2
DA:133,6
DA:134,2
DA:136,1
DA:140,2
DA:142,2
DA:143,2
DA:144,1
DA:145,2
DA:146,2
DA:156,1
DA:157,1
DA:158,1
DA:159,4
DA:161,2
DA:166,1
DA:167,7
DA:168,6
DA:174,1
DA:175,1
DA:176,2
DA:177,1
DA:182,1
DA:187,1
DA:188,1
DA:191,1
DA:192,1
DA:193,2
DA:194,2
DA:196,2
DA:198,3
DA:199,3
DA:200,4
DA:201,0
DA:204,1
DA:205,2
DA:207,2
DA:210,1
DA:211,1
DA:214,2
DA:215,2
DA:216,2
DA:217,2
DA:227,1
DA:241,4
DA:255,1
DA:256,1
DA:258,1
DA:259,1
DA:264,5
DA:267,0
DA:268,0
LF:114
LH:111
end_of_record
